生成启动时间为 2017/4/17 13:20:19。
     1>项目“E:\学习\六子棋博弈\我的程序\sixchess\xsq\xsq\xsq.vcxproj”在节点 2 上(Build 个目标)。
     1>ClCompile:
         D:\pragram\vs2013\VC\bin\CL.exe /c /ZI /nologo /W3 /WX- /sdl- /Od /Oy- /D _MBCS /Gm /EHsc /RTC1 /MDd /GS /fp:precise /Zc:wchar_t /Zc:forScope /Fo"Debug\\" /Fd"Debug\vc120.pdb" /Gd /TP /analyze- /errorReport:prompt main.cpp
         main.cpp
     1>e:\学习\六子棋博弈\我的程序\sixchess\xsq\xsq\main.cpp(347): warning C4101: “d”: 未引用的局部变量
     1>e:\学习\六子棋博弈\我的程序\sixchess\xsq\xsq\main.cpp(403): warning C4101: “f”: 未引用的局部变量
     1>e:\学习\六子棋博弈\我的程序\sixchess\xsq\xsq\main.cpp(403): warning C4101: “d”: 未引用的局部变量
     1>e:\学习\六子棋博弈\我的程序\sixchess\xsq\xsq\main.cpp(403): warning C4101: “e”: 未引用的局部变量
     1>e:\学习\六子棋博弈\我的程序\sixchess\xsq\xsq\main.cpp(465): warning C4101: “i”: 未引用的局部变量
     1>e:\学习\六子棋博弈\我的程序\sixchess\xsq\xsq\main.cpp(479): warning C4996: 'getch': The POSIX name for this item is deprecated. Instead, use the ISO C++ conformant name: _getch. See online help for details.
                 d:\pragram\vs2013\vc\include\conio.h(131) : 参见“getch”的声明
     1>e:\学习\六子棋博弈\我的程序\sixchess\xsq\xsq\main.cpp(507): warning C4996: 'getch': The POSIX name for this item is deprecated. Instead, use the ISO C++ conformant name: _getch. See online help for details.
                 d:\pragram\vs2013\vc\include\conio.h(131) : 参见“getch”的声明
     1>e:\学习\六子棋博弈\我的程序\sixchess\xsq\xsq\main.cpp(589): warning C4996: 'getch': The POSIX name for this item is deprecated. Instead, use the ISO C++ conformant name: _getch. See online help for details.
                 d:\pragram\vs2013\vc\include\conio.h(131) : 参见“getch”的声明
     1>e:\学习\六子棋博弈\我的程序\sixchess\xsq\xsq\main.cpp(598): warning C4996: 'getch': The POSIX name for this item is deprecated. Instead, use the ISO C++ conformant name: _getch. See online help for details.
                 d:\pragram\vs2013\vc\include\conio.h(131) : 参见“getch”的声明
     1>e:\学习\六子棋博弈\我的程序\sixchess\xsq\xsq\main.cpp(539): warning C4101: “n”: 未引用的局部变量
       Link:
         D:\pragram\vs2013\VC\bin\link.exe /ERRORREPORT:PROMPT /OUT:"E:\学习\六子棋博弈\我的程序\sixchess\xsq\Debug\xsq.exe" /INCREMENTAL /NOLOGO kernel32.lib user32.lib gdi32.lib winspool.lib comdlg32.lib advapi32.lib shell32.lib ole32.lib oleaut32.lib uuid.lib odbc32.lib odbccp32.lib /MANIFEST /MANIFESTUAC:"level='asInvoker' uiAccess='false'" /manifest:embed /DEBUG /PDB:"E:\学习\六子棋博弈\我的程序\sixchess\xsq\Debug\xsq.pdb" /TLBID:1 /DYNAMICBASE /NXCOMPAT /IMPLIB:"E:\学习\六子棋博弈\我的程序\sixchess\xsq\Debug\xsq.lib" /MACHINE:X86 Debug\main.obj
         xsq.vcxproj -> E:\学习\六子棋博弈\我的程序\sixchess\xsq\Debug\xsq.exe
     1>已完成生成项目“E:\学习\六子棋博弈\我的程序\sixchess\xsq\xsq\xsq.vcxproj”(Build 个目标)的操作。

生成成功。

已用时间 00:00:00.79
